{"/Users/safakc/projects/invent-test-case/src/controllers/bookController.ts": {"path":"/Users/safakc/projects/invent-test-case/src/controllers/bookController.ts","statementMap":{"0":{"start":{"line":2,"column":0},"end":{"line":2,"column":51}},"1":{"start":{"line":3,"column":0},"end":{"line":3,"column":40}},"2":{"start":{"line":4,"column":0},"end":{"line":4,"column":52}},"3":{"start":{"line":5,"column":0},"end":{"line":5,"column":38}},"4":{"start":{"line":8,"column":10},"end":{"line":8,"column":61}},"5":{"start":{"line":9,"column":10},"end":{"line":9,"column":73}},"6":{"start":{"line":12,"column":4},"end":{"line":19,"column":5}},"7":{"start":{"line":13,"column":20},"end":{"line":15,"column":8}},"8":{"start":{"line":16,"column":6},"end":{"line":16,"column":70}},"9":{"start":{"line":16,"column":34},"end":{"line":16,"column":66}},"10":{"start":{"line":18,"column":6},"end":{"line":18,"column":63}},"11":{"start":{"line":23,"column":4},"end":{"line":48,"column":5}},"12":{"start":{"line":24,"column":21},"end":{"line":24,"column":44}},"13":{"start":{"line":25,"column":19},"end":{"line":25,"column":79}},"14":{"start":{"line":27,"column":6},"end":{"line":29,"column":7}},"15":{"start":{"line":28,"column":8},"end":{"line":28,"column":65}},"16":{"start":{"line":31,"column":22},"end":{"line":34,"column":8}},"17":{"start":{"line":36,"column":21},"end":{"line":36,"column":88}},"18":{"start":{"line":36,"column":43},"end":{"line":36,"column":55}},"19":{"start":{"line":36,"column":73},"end":{"line":36,"column":87}},"20":{"start":{"line":37,"column":27},"end":{"line":39,"column":12}},"21":{"start":{"line":38,"column":42},"end":{"line":38,"column":47}},"22":{"start":{"line":41,"column":6},"end":{"line":45,"column":9}},"23":{"start":{"line":47,"column":6},"end":{"line":47,"column":63}},"24":{"start":{"line":52,"column":4},"end":{"line":58,"column":5}},"25":{"start":{"line":53,"column":19},"end":{"line":53,"column":70}},"26":{"start":{"line":54,"column":6},"end":{"line":54,"column":43}},"27":{"start":{"line":55,"column":6},"end":{"line":55,"column":29}},"28":{"start":{"line":57,"column":6},"end":{"line":57,"column":63}},"29":{"start":{"line":7,"column":0},"end":{"line":7,"column":13}}},"fnMap":{"0":{"name":"(anonymous_7)","decl":{"start":{"line":7,"column":0},"end":{"line":7,"column":13}},"loc":{"start":{"line":7,"column":0},"end":{"line":60,"column":1}}},"1":{"name":"(anonymous_8)","decl":{"start":{"line":11,"column":8},"end":{"line":11,"column":16}},"loc":{"start":{"line":11,"column":44},"end":{"line":20,"column":null}}},"2":{"name":"(anonymous_10)","decl":{"start":{"line":16,"column":25},"end":{"line":16,"column":29}},"loc":{"start":{"line":16,"column":34},"end":{"line":16,"column":66}}},"3":{"name":"(anonymous_11)","decl":{"start":{"line":22,"column":8},"end":{"line":22,"column":15}},"loc":{"start":{"line":22,"column":43},"end":{"line":49,"column":null}}},"4":{"name":"(anonymous_13)","decl":{"start":{"line":36,"column":33},"end":{"line":36,"column":39}},"loc":{"start":{"line":36,"column":43},"end":{"line":36,"column":55}}},"5":{"name":"(anonymous_14)","decl":{"start":{"line":36,"column":64},"end":{"line":36,"column":69}},"loc":{"start":{"line":36,"column":73},"end":{"line":36,"column":87}}},"6":{"name":"(anonymous_15)","decl":{"start":{"line":38,"column":32},"end":{"line":38,"column":33}},"loc":{"start":{"line":38,"column":42},"end":{"line":38,"column":47}}},"7":{"name":"(anonymous_16)","decl":{"start":{"line":51,"column":8},"end":{"line":51,"column":18}},"loc":{"start":{"line":51,"column":46},"end":{"line":59,"column":null}}}},"branchMap":{"0":{"loc":{"start":{"line":27,"column":6},"end":{"line":29,"column":7}},"type":"if","locations":[{"start":{"line":27,"column":6},"end":{"line":29,"column":7}}]},"1":{"loc":{"start":{"line":37,"column":27},"end":{"line":39,"column":12}},"type":"cond-expr","locations":[{"start":{"line":38,"column":10},"end":{"line":38,"column":80}},{"start":{"line":39,"column":10},"end":{"line":39,"column":12}}]}},"s":{"0":1,"1":1,"2":1,"3":1,"4":7,"5":7,"6":2,"7":2,"8":1,"9":2,"10":1,"11":3,"12":3,"13":3,"14":3,"15":1,"16":2,"17":2,"18":3,"19":3,"20":2,"21":3,"22":2,"23":0,"24":2,"25":2,"26":2,"27":1,"28":1,"29":1},"f":{"0":7,"1":2,"2":2,"3":3,"4":3,"5":3,"6":3,"7":2},"b":{"0":[1],"1":[1,1]}}
,"/Users/safakc/projects/invent-test-case/src/controllers/userController.ts": {"path":"/Users/safakc/projects/invent-test-case/src/controllers/userController.ts","statementMap":{"0":{"start":{"line":2,"column":0},"end":{"line":2,"column":51}},"1":{"start":{"line":3,"column":0},"end":{"line":3,"column":40}},"2":{"start":{"line":4,"column":0},"end":{"line":4,"column":52}},"3":{"start":{"line":5,"column":0},"end":{"line":5,"column":40}},"4":{"start":{"line":8,"column":10},"end":{"line":8,"column":61}},"5":{"start":{"line":9,"column":10},"end":{"line":9,"column":73}},"6":{"start":{"line":10,"column":10},"end":{"line":10,"column":61}},"7":{"start":{"line":13,"column":4},"end":{"line":20,"column":5}},"8":{"start":{"line":14,"column":20},"end":{"line":16,"column":8}},"9":{"start":{"line":17,"column":6},"end":{"line":17,"column":70}},"10":{"start":{"line":17,"column":34},"end":{"line":17,"column":66}},"11":{"start":{"line":19,"column":6},"end":{"line":19,"column":63}},"12":{"start":{"line":24,"column":4},"end":{"line":58,"column":5}},"13":{"start":{"line":25,"column":21},"end":{"line":25,"column":44}},"14":{"start":{"line":26,"column":19},"end":{"line":26,"column":79}},"15":{"start":{"line":28,"column":6},"end":{"line":30,"column":7}},"16":{"start":{"line":29,"column":8},"end":{"line":29,"column":65}},"17":{"start":{"line":32,"column":22},"end":{"line":36,"column":8}},"18":{"start":{"line":38,"column":19},"end":{"line":43,"column":11}},"19":{"start":{"line":39,"column":26},"end":{"line":39,"column":43}},"20":{"start":{"line":40,"column":24},"end":{"line":43,"column":10}},"21":{"start":{"line":45,"column":22},"end":{"line":49,"column":11}},"22":{"start":{"line":46,"column":26},"end":{"line":46,"column":44}},"23":{"start":{"line":47,"column":24},"end":{"line":49,"column":10}},"24":{"start":{"line":51,"column":6},"end":{"line":55,"column":9}},"25":{"start":{"line":57,"column":6},"end":{"line":57,"column":63}},"26":{"start":{"line":62,"column":4},"end":{"line":68,"column":5}},"27":{"start":{"line":63,"column":19},"end":{"line":63,"column":70}},"28":{"start":{"line":64,"column":6},"end":{"line":64,"column":43}},"29":{"start":{"line":65,"column":6},"end":{"line":65,"column":29}},"30":{"start":{"line":67,"column":6},"end":{"line":67,"column":63}},"31":{"start":{"line":72,"column":4},"end":{"line":105,"column":5}},"32":{"start":{"line":73,"column":21},"end":{"line":73,"column":48}},"33":{"start":{"line":74,"column":21},"end":{"line":74,"column":48}},"34":{"start":{"line":76,"column":19},"end":{"line":76,"column":79}},"35":{"start":{"line":77,"column":6},"end":{"line":79,"column":7}},"36":{"start":{"line":78,"column":8},"end":{"line":78,"column":65}},"37":{"start":{"line":81,"column":19},"end":{"line":81,"column":79}},"38":{"start":{"line":82,"column":6},"end":{"line":84,"column":7}},"39":{"start":{"line":83,"column":8},"end":{"line":83,"column":65}},"40":{"start":{"line":87,"column":27},"end":{"line":89,"column":8}},"41":{"start":{"line":91,"column":6},"end":{"line":93,"column":7}},"42":{"start":{"line":92,"column":8},"end":{"line":92,"column":75}},"43":{"start":{"line":95,"column":21},"end":{"line":99,"column":8}},"44":{"start":{"line":101,"column":6},"end":{"line":101,"column":51}},"45":{"start":{"line":102,"column":6},"end":{"line":102,"column":29}},"46":{"start":{"line":104,"column":6},"end":{"line":104,"column":63}},"47":{"start":{"line":109,"column":4},"end":{"line":133,"column":5}},"48":{"start":{"line":110,"column":21},"end":{"line":110,"column":48}},"49":{"start":{"line":111,"column":21},"end":{"line":111,"column":48}},"50":{"start":{"line":112,"column":24},"end":{"line":112,"column":32}},"51":{"start":{"line":114,"column":21},"end":{"line":120,"column":8}},"52":{"start":{"line":122,"column":6},"end":{"line":124,"column":7}},"53":{"start":{"line":123,"column":8},"end":{"line":123,"column":96}},"54":{"start":{"line":126,"column":6},"end":{"line":126,"column":37}},"55":{"start":{"line":127,"column":6},"end":{"line":127,"column":27}},"56":{"start":{"line":128,"column":6},"end":{"line":128,"column":51}},"57":{"start":{"line":130,"column":6},"end":{"line":130,"column":29}},"58":{"start":{"line":132,"column":6},"end":{"line":132,"column":63}},"59":{"start":{"line":7,"column":0},"end":{"line":7,"column":13}}},"fnMap":{"0":{"name":"(anonymous_7)","decl":{"start":{"line":7,"column":0},"end":{"line":7,"column":13}},"loc":{"start":{"line":7,"column":0},"end":{"line":135,"column":1}}},"1":{"name":"(anonymous_8)","decl":{"start":{"line":12,"column":8},"end":{"line":12,"column":16}},"loc":{"start":{"line":12,"column":44},"end":{"line":21,"column":null}}},"2":{"name":"(anonymous_10)","decl":{"start":{"line":17,"column":25},"end":{"line":17,"column":29}},"loc":{"start":{"line":17,"column":34},"end":{"line":17,"column":66}}},"3":{"name":"(anonymous_11)","decl":{"start":{"line":23,"column":8},"end":{"line":23,"column":15}},"loc":{"start":{"line":23,"column":43},"end":{"line":59,"column":null}}},"4":{"name":"(anonymous_13)","decl":{"start":{"line":39,"column":16},"end":{"line":39,"column":22}},"loc":{"start":{"line":39,"column":26},"end":{"line":39,"column":43}}},"5":{"name":"(anonymous_14)","decl":{"start":{"line":40,"column":13},"end":{"line":40,"column":19}},"loc":{"start":{"line":40,"column":24},"end":{"line":43,"column":10}}},"6":{"name":"(anonymous_15)","decl":{"start":{"line":46,"column":16},"end":{"line":46,"column":22}},"loc":{"start":{"line":46,"column":26},"end":{"line":46,"column":44}}},"7":{"name":"(anonymous_16)","decl":{"start":{"line":47,"column":13},"end":{"line":47,"column":19}},"loc":{"start":{"line":47,"column":24},"end":{"line":49,"column":10}}},"8":{"name":"(anonymous_17)","decl":{"start":{"line":61,"column":8},"end":{"line":61,"column":18}},"loc":{"start":{"line":61,"column":46},"end":{"line":69,"column":null}}},"9":{"name":"(anonymous_19)","decl":{"start":{"line":71,"column":8},"end":{"line":71,"column":18}},"loc":{"start":{"line":71,"column":46},"end":{"line":106,"column":null}}},"10":{"name":"(anonymous_21)","decl":{"start":{"line":108,"column":8},"end":{"line":108,"column":18}},"loc":{"start":{"line":108,"column":46},"end":{"line":134,"column":null}}}},"branchMap":{"0":{"loc":{"start":{"line":28,"column":6},"end":{"line":30,"column":7}},"type":"if","locations":[{"start":{"line":28,"column":6},"end":{"line":30,"column":7}}]},"1":{"loc":{"start":{"line":77,"column":6},"end":{"line":79,"column":7}},"type":"if","locations":[{"start":{"line":77,"column":6},"end":{"line":79,"column":7}}]},"2":{"loc":{"start":{"line":82,"column":6},"end":{"line":84,"column":7}},"type":"if","locations":[{"start":{"line":82,"column":6},"end":{"line":84,"column":7}}]},"3":{"loc":{"start":{"line":91,"column":6},"end":{"line":93,"column":7}},"type":"if","locations":[{"start":{"line":91,"column":6},"end":{"line":93,"column":7}}]},"4":{"loc":{"start":{"line":122,"column":6},"end":{"line":124,"column":7}},"type":"if","locations":[{"start":{"line":122,"column":6},"end":{"line":124,"column":7}}]}},"s":{"0":1,"1":1,"2":1,"3":1,"4":8,"5":8,"6":8,"7":2,"8":2,"9":1,"10":2,"11":1,"12":2,"13":2,"14":2,"15":2,"16":1,"17":1,"18":1,"19":2,"20":1,"21":1,"22":2,"23":1,"24":1,"25":0,"26":0,"27":0,"28":0,"29":0,"30":0,"31":2,"32":2,"33":2,"34":2,"35":2,"36":0,"37":2,"38":2,"39":0,"40":2,"41":2,"42":1,"43":1,"44":1,"45":1,"46":0,"47":2,"48":2,"49":2,"50":2,"51":2,"52":2,"53":1,"54":1,"55":1,"56":1,"57":1,"58":0,"59":1},"f":{"0":8,"1":2,"2":2,"3":2,"4":2,"5":1,"6":2,"7":1,"8":0,"9":2,"10":2},"b":{"0":[1],"1":[0],"2":[0],"3":[1],"4":[1]}}
,"/Users/safakc/projects/invent-test-case/src/entities/Book.ts": {"path":"/Users/safakc/projects/invent-test-case/src/entities/Book.ts","statementMap":{"0":{"start":{"line":1,"column":0},"end":{"line":1,"column":76}},"1":{"start":{"line":2,"column":0},"end":{"line":2,"column":42}},"2":{"start":{"line":5,"column":7},"end":{"line":14,"column":null}},"3":{"start":{"line":5,"column":13},"end":{"line":5,"column":17}},"4":{"start":{"line":7,"column":2},"end":{"line":7,"column":null}},"5":{"start":{"line":10,"column":2},"end":{"line":10,"column":null}},"6":{"start":{"line":13,"column":2},"end":{"line":13,"column":null}},"7":{"start":{"line":12,"column":19},"end":{"line":12,"column":29}},"8":{"start":{"line":12,"column":41},"end":{"line":12,"column":52}},"9":{"start":{"line":5,"column":13},"end":{"line":14,"column":null}}},"fnMap":{"0":{"name":"(anonymous_2)","decl":{"start":{"line":12,"column":13},"end":{"line":12,"column":16}},"loc":{"start":{"line":12,"column":19},"end":{"line":12,"column":29}}},"1":{"name":"(anonymous_3)","decl":{"start":{"line":12,"column":31},"end":{"line":12,"column":37}},"loc":{"start":{"line":12,"column":41},"end":{"line":12,"column":52}}}},"branchMap":{},"s":{"0":5,"1":5,"2":5,"3":5,"4":5,"5":5,"6":5,"7":0,"8":0,"9":5},"f":{"0":0,"1":0},"b":{}}
,"/Users/safakc/projects/invent-test-case/src/entities/BookBorrow.ts": {"path":"/Users/safakc/projects/invent-test-case/src/entities/BookBorrow.ts","statementMap":{"0":{"start":{"line":1,"column":0},"end":{"line":1,"column":94}},"1":{"start":{"line":2,"column":0},"end":{"line":2,"column":30}},"2":{"start":{"line":3,"column":0},"end":{"line":3,"column":30}},"3":{"start":{"line":6,"column":7},"end":{"line":24,"column":null}},"4":{"start":{"line":6,"column":13},"end":{"line":6,"column":23}},"5":{"start":{"line":8,"column":2},"end":{"line":8,"column":null}},"6":{"start":{"line":11,"column":2},"end":{"line":11,"column":null}},"7":{"start":{"line":10,"column":19},"end":{"line":10,"column":23}},"8":{"start":{"line":10,"column":33},"end":{"line":10,"column":45}},"9":{"start":{"line":14,"column":2},"end":{"line":14,"column":null}},"10":{"start":{"line":13,"column":19},"end":{"line":13,"column":23}},"11":{"start":{"line":13,"column":33},"end":{"line":13,"column":45}},"12":{"start":{"line":17,"column":2},"end":{"line":17,"column":null}},"13":{"start":{"line":20,"column":2},"end":{"line":20,"column":null}},"14":{"start":{"line":23,"column":2},"end":{"line":23,"column":null}},"15":{"start":{"line":6,"column":13},"end":{"line":24,"column":null}}},"fnMap":{"0":{"name":"(anonymous_2)","decl":{"start":{"line":10,"column":13},"end":{"line":10,"column":16}},"loc":{"start":{"line":10,"column":19},"end":{"line":10,"column":23}}},"1":{"name":"(anonymous_3)","decl":{"start":{"line":10,"column":25},"end":{"line":10,"column":29}},"loc":{"start":{"line":10,"column":33},"end":{"line":10,"column":45}}},"2":{"name":"(anonymous_4)","decl":{"start":{"line":13,"column":13},"end":{"line":13,"column":16}},"loc":{"start":{"line":13,"column":19},"end":{"line":13,"column":23}}},"3":{"name":"(anonymous_5)","decl":{"start":{"line":13,"column":25},"end":{"line":13,"column":29}},"loc":{"start":{"line":13,"column":33},"end":{"line":13,"column":45}}}},"branchMap":{},"s":{"0":5,"1":5,"2":5,"3":5,"4":5,"5":5,"6":5,"7":0,"8":0,"9":5,"10":0,"11":0,"12":5,"13":5,"14":5,"15":5},"f":{"0":0,"1":0,"2":0,"3":0},"b":{}}
,"/Users/safakc/projects/invent-test-case/src/entities/User.ts": {"path":"/Users/safakc/projects/invent-test-case/src/entities/User.ts","statementMap":{"0":{"start":{"line":1,"column":0},"end":{"line":1,"column":76}},"1":{"start":{"line":2,"column":0},"end":{"line":2,"column":42}},"2":{"start":{"line":5,"column":7},"end":{"line":14,"column":null}},"3":{"start":{"line":5,"column":13},"end":{"line":5,"column":17}},"4":{"start":{"line":7,"column":2},"end":{"line":7,"column":null}},"5":{"start":{"line":10,"column":2},"end":{"line":10,"column":null}},"6":{"start":{"line":13,"column":2},"end":{"line":13,"column":null}},"7":{"start":{"line":12,"column":19},"end":{"line":12,"column":29}},"8":{"start":{"line":12,"column":41},"end":{"line":12,"column":52}},"9":{"start":{"line":5,"column":13},"end":{"line":14,"column":null}}},"fnMap":{"0":{"name":"(anonymous_2)","decl":{"start":{"line":12,"column":13},"end":{"line":12,"column":16}},"loc":{"start":{"line":12,"column":19},"end":{"line":12,"column":29}}},"1":{"name":"(anonymous_3)","decl":{"start":{"line":12,"column":31},"end":{"line":12,"column":37}},"loc":{"start":{"line":12,"column":41},"end":{"line":12,"column":52}}}},"branchMap":{},"s":{"0":5,"1":5,"2":5,"3":5,"4":5,"5":5,"6":5,"7":0,"8":0,"9":5},"f":{"0":0,"1":0},"b":{}}
,"/Users/safakc/projects/invent-test-case/src/middleware/validator.ts": {"path":"/Users/safakc/projects/invent-test-case/src/middleware/validator.ts","statementMap":{"0":{"start":{"line":2,"column":0},"end":{"line":2,"column":53}},"1":{"start":{"line":4,"column":24},"end":{"line":11,"column":1}},"2":{"start":{"line":5,"column":17},"end":{"line":5,"column":38}},"3":{"start":{"line":6,"column":2},"end":{"line":9,"column":3}},"4":{"start":{"line":7,"column":4},"end":{"line":7,"column":53}},"5":{"start":{"line":8,"column":4},"end":{"line":8,"column":11}},"6":{"start":{"line":10,"column":2},"end":{"line":10,"column":9}},"7":{"start":{"line":4,"column":13},"end":{"line":4,"column":24}}},"fnMap":{"0":{"name":"(anonymous_0)","decl":{"start":{"line":4,"column":24},"end":{"line":4,"column":25}},"loc":{"start":{"line":4,"column":82},"end":{"line":11,"column":1}}}},"branchMap":{"0":{"loc":{"start":{"line":6,"column":2},"end":{"line":9,"column":3}},"type":"if","locations":[{"start":{"line":6,"column":2},"end":{"line":9,"column":3}}]}},"s":{"0":1,"1":1,"2":3,"3":3,"4":2,"5":2,"6":1,"7":1},"f":{"0":3},"b":{"0":[2]}}
}
