TN:
SF:src/controllers/bookController.ts
FN:7,(anonymous_7)
FN:11,(anonymous_8)
FN:16,(anonymous_10)
FN:22,(anonymous_11)
FN:36,(anonymous_13)
FN:36,(anonymous_14)
FN:38,(anonymous_15)
FN:51,(anonymous_16)
FNF:8
FNH:8
FNDA:7,(anonymous_7)
FNDA:2,(anonymous_8)
FNDA:2,(anonymous_10)
FNDA:3,(anonymous_11)
FNDA:3,(anonymous_13)
FNDA:3,(anonymous_14)
FNDA:3,(anonymous_15)
FNDA:2,(anonymous_16)
DA:2,1
DA:3,1
DA:4,1
DA:5,1
DA:7,1
DA:8,7
DA:9,7
DA:12,2
DA:13,2
DA:16,2
DA:18,1
DA:23,3
DA:24,3
DA:25,3
DA:27,3
DA:28,1
DA:31,2
DA:36,3
DA:37,2
DA:38,3
DA:41,2
DA:47,0
DA:52,2
DA:53,2
DA:54,2
DA:55,1
DA:57,1
LF:27
LH:26
BRDA:27,0,0,1
BRDA:37,1,0,1
BRDA:37,1,1,1
BRF:3
BRH:3
end_of_record
TN:
SF:src/controllers/userController.ts
FN:7,(anonymous_7)
FN:12,(anonymous_8)
FN:17,(anonymous_10)
FN:23,(anonymous_11)
FN:39,(anonymous_13)
FN:40,(anonymous_14)
FN:46,(anonymous_15)
FN:47,(anonymous_16)
FN:61,(anonymous_17)
FN:71,(anonymous_19)
FN:108,(anonymous_21)
FNF:11
FNH:10
FNDA:8,(anonymous_7)
FNDA:2,(anonymous_8)
FNDA:2,(anonymous_10)
FNDA:2,(anonymous_11)
FNDA:2,(anonymous_13)
FNDA:1,(anonymous_14)
FNDA:2,(anonymous_15)
FNDA:1,(anonymous_16)
FNDA:0,(anonymous_17)
FNDA:2,(anonymous_19)
FNDA:2,(anonymous_21)
DA:2,1
DA:3,1
DA:4,1
DA:5,1
DA:7,1
DA:8,8
DA:9,8
DA:10,8
DA:13,2
DA:14,2
DA:17,2
DA:19,1
DA:24,2
DA:25,2
DA:26,2
DA:28,2
DA:29,1
DA:32,1
DA:38,1
DA:39,2
DA:40,1
DA:45,1
DA:46,2
DA:47,1
DA:51,1
DA:57,0
DA:62,0
DA:63,0
DA:64,0
DA:65,0
DA:67,0
DA:72,2
DA:73,2
DA:74,2
DA:76,2
DA:77,2
DA:78,0
DA:81,2
DA:82,2
DA:83,0
DA:87,2
DA:91,2
DA:92,1
DA:95,1
DA:101,1
DA:102,1
DA:104,0
DA:109,2
DA:110,2
DA:111,2
DA:112,2
DA:114,2
DA:122,2
DA:123,1
DA:126,1
DA:127,1
DA:128,1
DA:130,1
DA:132,0
LF:59
LH:49
BRDA:28,0,0,1
BRDA:77,1,0,0
BRDA:82,2,0,0
BRDA:91,3,0,1
BRDA:122,4,0,1
BRF:5
BRH:3
end_of_record
TN:
SF:src/entities/Book.ts
FN:12,(anonymous_2)
FN:12,(anonymous_3)
FNF:2
FNH:0
FNDA:0,(anonymous_2)
FNDA:0,(anonymous_3)
DA:1,5
DA:2,5
DA:5,5
DA:7,5
DA:10,5
DA:12,0
DA:13,5
LF:7
LH:6
BRF:0
BRH:0
end_of_record
TN:
SF:src/entities/BookBorrow.ts
FN:10,(anonymous_2)
FN:10,(anonymous_3)
FN:13,(anonymous_4)
FN:13,(anonymous_5)
FNF:4
FNH:0
FNDA:0,(anonymous_2)
FNDA:0,(anonymous_3)
FNDA:0,(anonymous_4)
FNDA:0,(anonymous_5)
DA:1,5
DA:2,5
DA:3,5
DA:6,5
DA:8,5
DA:10,0
DA:11,5
DA:13,0
DA:14,5
DA:17,5
DA:20,5
DA:23,5
LF:12
LH:10
BRF:0
BRH:0
end_of_record
TN:
SF:src/entities/User.ts
FN:12,(anonymous_2)
FN:12,(anonymous_3)
FNF:2
FNH:0
FNDA:0,(anonymous_2)
FNDA:0,(anonymous_3)
DA:1,5
DA:2,5
DA:5,5
DA:7,5
DA:10,5
DA:12,0
DA:13,5
LF:7
LH:6
BRF:0
BRH:0
end_of_record
TN:
SF:src/middleware/validator.ts
FN:4,(anonymous_0)
FNF:1
FNH:1
FNDA:3,(anonymous_0)
DA:2,1
DA:4,1
DA:5,3
DA:6,3
DA:7,2
DA:8,2
DA:10,1
LF:7
LH:7
BRDA:6,0,0,2
BRF:1
BRH:1
end_of_record
